0 info it worked if it ends with ok
1 verbose cli [ '/Users/mshertzberg/.nvm/v0.10.36/bin/node',
1 verbose cli   '/Users/mshertzberg/.nvm/v0.10.36/bin/npm',
1 verbose cli   'publish',
1 verbose cli   './' ]
2 info using npm@1.4.28
3 info using node@v0.10.36
4 verbose publish [ './' ]
5 verbose cache add [ './', null ]
6 verbose cache add name=undefined spec="./" args=["./",null]
7 verbose parsed url { protocol: null,
7 verbose parsed url   slashes: null,
7 verbose parsed url   auth: null,
7 verbose parsed url   host: null,
7 verbose parsed url   port: null,
7 verbose parsed url   hostname: null,
7 verbose parsed url   hash: null,
7 verbose parsed url   search: null,
7 verbose parsed url   query: null,
7 verbose parsed url   pathname: './',
7 verbose parsed url   path: './',
7 verbose parsed url   href: './' }
8 silly lockFile 0ee6c175- ./
9 verbose lock ./ /Users/mshertzberg/.npm/0ee6c175-.lock
10 verbose tar pack [ '/Users/mshertzberg/.npm/shitty-mta/0.1.0/package.tgz', './' ]
11 verbose tarball /Users/mshertzberg/.npm/shitty-mta/0.1.0/package.tgz
12 verbose folder ./
13 info prepublish shitty-mta@0.1.0
14 silly lockFile 04cb2bca-tar tar://./
15 verbose lock tar://./ /Users/mshertzberg/.npm/04cb2bca-tar.lock
16 silly lockFile 995bad1b-npm-shitty-mta-0-1-0-package-tgz tar:///Users/mshertzberg/.npm/shitty-mta/0.1.0/package.tgz
17 verbose lock tar:///Users/mshertzberg/.npm/shitty-mta/0.1.0/package.tgz /Users/mshertzberg/.npm/995bad1b-npm-shitty-mta-0-1-0-package-tgz.lock
18 silly lockFile 04cb2bca-tar tar://./
19 silly lockFile 04cb2bca-tar tar://./
20 silly lockFile 995bad1b-npm-shitty-mta-0-1-0-package-tgz tar:///Users/mshertzberg/.npm/shitty-mta/0.1.0/package.tgz
21 silly lockFile 995bad1b-npm-shitty-mta-0-1-0-package-tgz tar:///Users/mshertzberg/.npm/shitty-mta/0.1.0/package.tgz
22 silly lockFile 3ac0cb2e-erg-npm-shitty-mta-0-1-0-package /Users/mshertzberg/.npm/shitty-mta/0.1.0/package
23 verbose lock /Users/mshertzberg/.npm/shitty-mta/0.1.0/package /Users/mshertzberg/.npm/3ac0cb2e-erg-npm-shitty-mta-0-1-0-package.lock
24 silly lockFile 3ac0cb2e-erg-npm-shitty-mta-0-1-0-package /Users/mshertzberg/.npm/shitty-mta/0.1.0/package
25 silly lockFile 3ac0cb2e-erg-npm-shitty-mta-0-1-0-package /Users/mshertzberg/.npm/shitty-mta/0.1.0/package
26 silly lockFile 0ee6c175- ./
27 silly lockFile 0ee6c175- ./
28 silly publish { name: 'shitty-mta',
28 silly publish   version: '0.1.0',
28 silly publish   description: 'What now?',
28 silly publish   main: 'index.js',
28 silly publish   scripts: { test: 'echo "Error: no test specified" && exit 1' },
28 silly publish   author:
28 silly publish    { name: 'Michael Scott Hertzberg',
28 silly publish      email: 'mshertzberg@gmail.com' },
28 silly publish   license: 'MIT',
28 silly publish   keywords: [ 'mta', 'nyc', 'subway', 'train' ],
28 silly publish   repository:
28 silly publish    { type: 'git',
28 silly publish      url: 'http://github.com/moimikey/shitty-mta.git' },
28 silly publish   dependencies:
28 silly publish    { 'ascii-table': '0.0.8',
28 silly publish      'htmlstrip-native': '^0.1.1',
28 silly publish      superagent: '^1.1.0' },
28 silly publish   bin: { shittymta: './index.js' },
28 silly publish   engines: { node: '>= 0.10.x' },
28 silly publish   readme: '### Shitty MTA\n',
28 silly publish   readmeFilename: 'README',
28 silly publish   gitHead: 'ecd6686e0791454e581914a7f7d3e5287c343bed',
28 silly publish   bugs: { url: 'https://github.com/moimikey/shitty-mta/issues' },
28 silly publish   homepage: 'https://github.com/moimikey/shitty-mta',
28 silly publish   _id: 'shitty-mta@0.1.0',
28 silly publish   _shasum: '06f8ef73fbc45046d83844af5fb8106ec13f1ef9',
28 silly publish   _from: './' }
29 verbose request where is /shitty-mta
30 verbose request registry https://registry.npmjs.org/
31 verbose request id cb49ca4ea2ac52f2
32 verbose url raw /shitty-mta
33 verbose url resolving [ 'https://registry.npmjs.org/', './shitty-mta' ]
34 verbose url resolved https://registry.npmjs.org/shitty-mta
35 verbose request where is https://registry.npmjs.org/shitty-mta
36 info trying registry request attempt 1 at 11:51:27
37 http PUT https://registry.npmjs.org/shitty-mta
38 http 409 https://registry.npmjs.org/shitty-mta
39 verbose request where is /shitty-mta?write=true
40 verbose request registry https://registry.npmjs.org/
41 verbose url raw /shitty-mta?write=true
42 verbose url resolving [ 'https://registry.npmjs.org/', './shitty-mta?write=true' ]
43 verbose url resolved https://registry.npmjs.org/shitty-mta?write=true
44 verbose request where is https://registry.npmjs.org/shitty-mta?write=true
45 info trying registry request attempt 1 at 11:51:29
46 http GET https://registry.npmjs.org/shitty-mta?write=true
47 http 200 https://registry.npmjs.org/shitty-mta?write=true
48 error publish fail Cannot publish over existing version.
48 error publish fail Update the 'version' field in package.json and try again.
48 error publish fail
48 error publish fail If the previous version was published in error, see:
48 error publish fail     npm help unpublish
48 error publish fail
48 error publish fail To automatically increment version numbers, see:
48 error publish fail     npm help version
49 error System Darwin 14.3.0
50 error command "/Users/mshertzberg/.nvm/v0.10.36/bin/node" "/Users/mshertzberg/.nvm/v0.10.36/bin/npm" "publish" "./"
51 error cwd /Users/mshertzberg/MTA
52 error node -v v0.10.36
53 error npm -v 1.4.28
54 error code EPUBLISHCONFLICT
55 verbose exit [ 1, true ]
